Change Component Designator: Old Designator=B2 New Designator=B4
Change Component Designator: Old Designator=B3 New Designator=B2
Change Component Designator: Old Designator=B4 New Designator=B5
Change Component Designator: Old Designator=B5 New Designator=B3
Change Component Designator: Old Designator=C1 New Designator=C7
Change Component Designator: Old Designator=C2 New Designator=C8
Change Component Designator: Old Designator=C3 New Designator=C2
Change Component Designator: Old Designator=C4 New Designator=C10
Change Component Designator: Old Designator=C5 New Designator=C11
Change Component Designator: Old Designator=C6 New Designator=C3
Change Component Designator: Old Designator=C7 New Designator=C1
Change Component Designator: Old Designator=C8 New Designator=C9
Change Component Designator: Old Designator=C9 New Designator=C5
Change Component Designator: Old Designator=C10 New Designator=C13
Change Component Designator: Old Designator=C11 New Designator=C4
Change Component Designator: Old Designator=C12 New Designator=C6
Change Component Designator: Old Designator=C13 New Designator=C12
Change Component Designator: Old Designator=D1 New Designator=D2
Change Component Designator: Old Designator=D2 New Designator=D4
Change Component Designator: Old Designator=D4 New Designator=D1
Change Component Designator: Old Designator=L1 New Designator=L2
Change Component Designator: Old Designator=L2 New Designator=L5
Change Component Designator: Old Designator=L3 New Designator=L4
Change Component Designator: Old Designator=L4 New Designator=L1
Change Component Designator: Old Designator=L5 New Designator=L3
Change Component Designator: Old Designator=R1 New Designator=R2
Change Component Designator: Old Designator=R2 New Designator=R3
Change Component Designator: Old Designator=R3 New Designator=R4
Change Component Designator: Old Designator=R4 New Designator=R1
